
> tripsense@0.0.0 dev
> vite


  VITE v5.4.21  ready in 1663 ms

  ➜  Local:   http://localhost:5173/
  ➜  Network: use --host to expose
6:55:41 AM [vite] hmr update /src/App.jsx, /src/index.css
6:55:58 AM [vite] hmr update /src/components/HotelCard.jsx, /src/index.css
7:06:29 AM [vite] hmr update /src/App.jsx, /src/index.css
7:06:45 AM [vite] hmr update /src/App.jsx, /src/index.css
7:06:59 AM [vite] hmr update /src/App.jsx, /src/index.css
7:08:50 AM [vite] hmr update /src/components/HotelCard.jsx, /src/index.css
7:09:13 AM [vite] hmr update /src/App.jsx, /src/index.css
7:09:21 AM [vite] hmr update /src/App.jsx, /src/index.css
7:09:32 AM [vite] hmr update /src/App.jsx, /src/index.css
7:09:40 AM [vite] hmr update /src/App.jsx, /src/index.css
7:10:07 AM [vite] hmr update /src/App.jsx, /src/index.css
7:10:30 AM [vite] hmr update /src/App.jsx, /src/index.css
7:10:30 AM [vite] Internal server error: /Users/aryan./Documents/TripSense/src/App.jsx: Unterminated JSX contents. (529:10)

  527 |         evalResult={evalResult}
  528 |       />
> 529 |     </div>
      |           ^
  530 |   );
  531 | }
  532 |
  Plugin: vite:react-babel
  File: /Users/aryan./Documents/TripSense/src/App.jsx:529:10
  527|          evalResult={evalResult}
  528|        />
  529|      </div>
     |            ^
  530|    );
  531|  }
      at constructor (/Users/aryan./Documents/TripSense/node_modules/@babel/parser/lib/index.js:365:19)
      at JSXParserMixin.raise (/Users/aryan./Documents/TripSense/node_modules/@babel/parser/lib/index.js:6599:19)
      at JSXParserMixin.jsxReadToken (/Users/aryan./Documents/TripSense/node_modules/@babel/parser/lib/index.js:4448:20)
      at JSXParserMixin.getTokenFromCode (/Users/aryan./Documents/TripSense/node_modules/@babel/parser/lib/index.js:4774:12)
      at JSXParserMixin.nextToken (/Users/aryan./Documents/TripSense/node_modules/@babel/parser/lib/index.js:5782:10)
      at JSXParserMixin.next (/Users/aryan./Documents/TripSense/node_modules/@babel/parser/lib/index.js:5692:10)
      at JSXParserMixin.eat (/Users/aryan./Documents/TripSense/node_modules/@babel/parser/lib/index.js:5696:12)
      at JSXParserMixin.expect (/Users/aryan./Documents/TripSense/node_modules/@babel/parser/lib/index.js:6898:15)
      at JSXParserMixin.jsxParseClosingElementAt (/Users/aryan./Documents/TripSense/node_modules/@babel/parser/lib/index.js:4680:10)
      at JSXParserMixin.jsxParseElementAt (/Users/aryan./Documents/TripSense/node_modules/@babel/parser/lib/index.js:4695:37)
      at JSXParserMixin.jsxParseElementAt (/Users/aryan./Documents/TripSense/node_modules/@babel/parser/lib/index.js:4698:32)
      at JSXParserMixin.jsxParseElement (/Users/aryan./Documents/TripSense/node_modules/@babel/parser/lib/index.js:4749:17)
      at JSXParserMixin.parseExprAtom (/Users/aryan./Documents/TripSense/node_modules/@babel/parser/lib/index.js:4759:19)
      at JSXParserMixin.parseExprSubscripts (/Users/aryan./Documents/TripSense/node_modules/@babel/parser/lib/index.js:11081:23)
      at JSXParserMixin.parseUpdate (/Users/aryan./Documents/TripSense/node_modules/@babel/parser/lib/index.js:11066:21)
      at JSXParserMixin.parseMaybeUnary (/Users/aryan./Documents/TripSense/node_modules/@babel/parser/lib/index.js:11046:23)
      at JSXParserMixin.parseMaybeUnaryOrPrivate (/Users/aryan./Documents/TripSense/node_modules/@babel/parser/lib/index.js:10899:61)
      at JSXParserMixin.parseExprOps (/Users/aryan./Documents/TripSense/node_modules/@babel/parser/lib/index.js:10904:23)
      at JSXParserMixin.parseMaybeConditional (/Users/aryan./Documents/TripSense/node_modules/@babel/parser/lib/index.js:10881:23)
      at JSXParserMixin.parseMaybeAssign (/Users/aryan./Documents/TripSense/node_modules/@babel/parser/lib/index.js:10831:21)
      at /Users/aryan./Documents/TripSense/node_modules/@babel/parser/lib/index.js:10800:39
      at JSXParserMixin.allowInAnd (/Users/aryan./Documents/TripSense/node_modules/@babel/parser/lib/index.js:12426:12)
      at JSXParserMixin.parseMaybeAssignAllowIn (/Users/aryan./Documents/TripSense/node_modules/@babel/parser/lib/index.js:10800:17)
      at JSXParserMixin.parseMaybeAssignAllowInOrVoidPattern (/Users/aryan./Documents/TripSense/node_modules/@babel/parser/lib/index.js:12493:17)
      at JSXParserMixin.parseParenAndDistinguishExpression (/Users/aryan./Documents/TripSense/node_modules/@babel/parser/lib/index.js:11675:28)
      at JSXParserMixin.parseExprAtom (/Users/aryan./Documents/TripSense/node_modules/@babel/parser/lib/index.js:11331:23)
      at JSXParserMixin.parseExprAtom (/Users/aryan./Documents/TripSense/node_modules/@babel/parser/lib/index.js:4764:20)
      at JSXParserMixin.parseExprSubscripts (/Users/aryan./Documents/TripSense/node_modules/@babel/parser/lib/index.js:11081:23)
      at JSXParserMixin.parseUpdate (/Users/aryan./Documents/TripSense/node_modules/@babel/parser/lib/index.js:11066:21)
      at JSXParserMixin.parseMaybeUnary (/Users/aryan./Documents/TripSense/node_modules/@babel/parser/lib/index.js:11046:23)
      at JSXParserMixin.parseMaybeUnaryOrPrivate (/Users/aryan./Documents/TripSense/node_modules/@babel/parser/lib/index.js:10899:61)
      at JSXParserMixin.parseExprOps (/Users/aryan./Documents/TripSense/node_modules/@babel/parser/lib/index.js:10904:23)
      at JSXParserMixin.parseMaybeConditional (/Users/aryan./Documents/TripSense/node_modules/@babel/parser/lib/index.js:10881:23)
      at JSXParserMixin.parseMaybeAssign (/Users/aryan./Documents/TripSense/node_modules/@babel/parser/lib/index.js:10831:21)
      at JSXParserMixin.parseExpressionBase (/Users/aryan./Documents/TripSense/node_modules/@babel/parser/lib/index.js:10784:23)
      at /Users/aryan./Documents/TripSense/node_modules/@babel/parser/lib/index.js:10780:39
      at JSXParserMixin.allowInAnd (/Users/aryan./Documents/TripSense/node_modules/@babel/parser/lib/index.js:12421:16)
      at JSXParserMixin.parseExpression (/Users/aryan./Documents/TripSense/node_modules/@babel/parser/lib/index.js:10780:17)
      at JSXParserMixin.parseReturnStatement (/Users/aryan./Documents/TripSense/node_modules/@babel/parser/lib/index.js:13142:28)
      at JSXParserMixin.parseStatementContent (/Users/aryan./Documents/TripSense/node_modules/@babel/parser/lib/index.js:12798:21)
      at JSXParserMixin.parseStatementLike (/Users/aryan./Documents/TripSense/node_modules/@babel/parser/lib/index.js:12767:17)
      at JSXParserMixin.parseStatementListItem (/Users/aryan./Documents/TripSense/node_modules/@babel/parser/lib/index.js:12747:17)
      at JSXParserMixin.parseBlockOrModuleBlockBody (/Users/aryan./Documents/TripSense/node_modules/@babel/parser/lib/index.js:13316:61)
      at JSXParserMixin.parseBlockBody (/Users/aryan./Documents/TripSense/node_modules/@babel/parser/lib/index.js:13309:10)
      at JSXParserMixin.parseBlock (/Users/aryan./Documents/TripSense/node_modules/@babel/parser/lib/index.js:13297:10)
      at JSXParserMixin.parseFunctionBody (/Users/aryan./Documents/TripSense/node_modules/@babel/parser/lib/index.js:12100:24)
      at JSXParserMixin.parseFunctionBodyAndFinish (/Users/aryan./Documents/TripSense/node_modules/@babel/parser/lib/index.js:12086:10)
      at /Users/aryan./Documents/TripSense/node_modules/@babel/parser/lib/index.js:13445:12
      at JSXParserMixin.withSmartMixTopicForbiddingContext (/Users/aryan./Documents/TripSense/node_modules/@babel/parser/lib/index.js:12403:14)
      at JSXParserMixin.parseFunction (/Users/aryan./Documents/TripSense/node_modules/@babel/parser/lib/index.js:13444:10)
7:10:43 AM [vite] hmr update /src/App.jsx, /src/index.css
7:11:17 AM [vite] hmr update /src/components/HotelCard.jsx, /src/index.css
